
> frontend@0.1.0 dev
> next dev

   ▲ Next.js 15.1.4
   - Local:        http://localhost:3000
   - Network:      http://192.168.1.164:3000
   - Environments: .env.local, .env

 ✓ Starting...
 ⚠ Invalid next.config.ts options detected: 
 ⚠     Unrecognized key(s) in object: 'swcMinify'
 ⚠ See more info here: https://nextjs.org/docs/messages/invalid-next-config
 ✓ Ready in 1664ms
 ✓ Compiled /src/middleware in 174ms (128 modules)
 ○ Compiling /[locale]/auth/login ...
 ✓ Compiled /[locale]/auth/login in 1612ms (1021 modules)
 ✓ Compiled in 691ms (438 modules)
 GET /en/auth/login 200 in 2475ms
 ✓ Compiled /favicon.ico in 426ms (598 modules)
 GET /favicon.ico 200 in 515ms
 GET /en/auth/login 200 in 152ms
 GET /favicon.ico 200 in 12ms
 ○ Compiling /api/auth/[...nextauth] ...
 ✓ Compiled /api/auth/[...nextauth] in 517ms (1232 modules)
 GET /api/auth/session 200 in 1015ms
 GET /en/auth/login 200 in 111ms
 GET /favicon.ico 200 in 11ms
 GET /api/auth/session 200 in 18ms
 GET /en/auth/login 200 in 44ms
 GET /favicon.ico 200 in 20ms
 GET /api/auth/session 200 in 26ms
 ✓ Compiled /[locale]/jobs in 434ms (1239 modules)
 GET /en/jobs 200 in 921ms
 ✓ Compiled /[locale]/tasks in 359ms (1270 modules)
 GET /en/tasks 200 in 774ms
 ○ Compiling /[locale]/messages ...
 ✓ Compiled /[locale]/messages in 634ms (1291 modules)
 GET /en/messages 200 in 1081ms
 ○ Compiling /[locale]/profile ...
 ✓ Compiled /[locale]/profile in 1878ms (1361 modules)
 GET /en/profile 200 in 3212ms
 GET /en/profile 200 in 391ms
 GET /en/auth/login 200 in 37ms
 ○ Compiling /[locale]/auth/register ...
 ✓ Compiled /[locale]/auth/register in 577ms (1370 modules)
 GET /en/auth/register 200 in 1049ms
 GET /en/auth/login 200 in 25ms
 GET /en/auth/register 200 in 25ms
 GET /en/auth/login 200 in 21ms
 GET /en/profile 200 in 28ms
 GET /en/auth/login 200 in 29ms
 GET /en/messages 200 in 30ms
 GET /en/jobs 200 in 27ms
 GET /en/tasks 200 in 29ms
 GET /en/messages 200 in 28ms
 GET /en/messages 200 in 30ms
 GET /en/profile 200 in 27ms
 GET /en/auth/login 200 in 29ms
 GET /en/auth/login 200 in 28ms
 GET /en/auth/register 200 in 30ms
 GET /en/auth/login 200 in 24ms
 GET /en/auth/register 200 in 33ms
 GET /en/auth/login 200 in 27ms
 GET /en/auth/register 200 in 23ms
 GET /en/auth/login 200 in 23ms
 GET /en/profile 200 in 21ms
 GET /en/auth/login 200 in 29ms
 GET /en/jobs 200 in 29ms
 GET /en/tasks 200 in 24ms
 GET /en/messages 200 in 25ms
 GET /en/profile 200 in 28ms
 GET /en/auth/login 200 in 28ms
 GET /en/auth/login 200 in 23ms
 GET /en/auth/register 200 in 25ms
 GET /en/auth/login 200 in 26ms
 GET /en/profile 200 in 24ms
 GET /en/auth/login 200 in 30ms
 GET /en/messages 200 in 34ms
 GET /en/tasks 200 in 23ms
 GET /en/jobs 200 in 27ms
 GET /en/tasks 200 in 25ms
 GET /en/messages 200 in 27ms
 GET /en/profile 200 in 23ms
 GET /en/auth/login 200 in 26ms
 GET /en/auth/register 200 in 24ms
 GET /en/auth/login 200 in 29ms
 GET /en/auth/login 200 in 152ms
 GET /favicon.ico 200 in 18ms
 GET /api/auth/session 200 in 84ms
 GET /en/profile 200 in 24ms
 GET /en/auth/login 200 in 34ms
 GET /en/messages 200 in 26ms
 GET /en/tasks 200 in 27ms
 GET /en/jobs 200 in 27ms
 GET /en/auth/register 200 in 25ms
 GET /en/auth/login 200 in 343ms
 ✓ Compiled in 626ms (499 modules)
 GET /en/auth/login 200 in 42ms
 GET /en/auth/login 200 in 52ms
 GET /favicon.ico 200 in 17ms
 GET /api/auth/session 200 in 30ms
 ○ Compiling /[locale]/video-call ...
 ✓ Compiled /[locale]/video-call in 535ms (1343 modules)
 GET /en/video-call 200 in 1255ms
 GET /api/auth/session 200 in 112ms
 GET /en/messages 200 in 33ms
