
> websocket-server@1.0.0 dev
> nodemon server.js

[33m[nodemon] 3.1.10[39m
[33m[nodemon] to restart at any time, enter `rs`[39m
[33m[nodemon] watching path(s): *.*[39m
[33m[nodemon] watching extensions: js,mjs,cjs,json[39m
[32m[nodemon] starting `node server.js`[39m
[WebSocket] Server is running on port 6001 in development mode
[WebSocket] Authentication enabled
[WebSocket] Allowed origins: http://localhost:3000, http://127.0.0.1:3000
[WebSocket] Connection attempt: {
  url: '/app/local?protocol=7&client=js&version=8.4.0&flash=false',
  origin: 'http://localhost:3000',
  secure: false,
  hasToken: true
}
[WebSocket] Using token from auth_token cookie
[WebSocket] JWT verification failed: jwt malformed
[WebSocket] Connection attempt: {
  url: '/global?token=eyJpdiI6ImJZUGMxQURZTm5UM0ZLN1llOWdDK2c9PSIsInZhbHVlIjoiOGsvYjhEdWFJcmRSc0xyblN6eHc3VDRPbWU1TzBtZHJCSVRvSnVTd3lWTzJhTVZaWnMzQmRHWXFlTzZhTjg4WUNlUUJvbmF6NFA5TUxtQWFjdTl3TzZmZTF1VVJpRktTdHZyVk91R3MwdldQcGl0YkgrWE1JSi9UOHBtaUdiQ2QiLCJtYWMiOiIwNTU5MTY1MjEzNTZiNWY4MzM5NmFhMjQyMmUwODQzNTllNGE3OGQ0NmUzYzgyY2M5ZDQ5M2M4ZTQyNWI5NjhkIiwidGFnIjoiIn0%253D',
  origin: 'http://localhost:3000',
  secure: false,
  hasToken: true
}
[WebSocket] Using token from query parameter
[WebSocket] JWT verification failed: jwt malformed
[WebSocket] Connection attempt: {
  url: '/app/local?protocol=7&client=js&version=8.4.0&flash=false',
  origin: 'http://localhost:3000',
  secure: false,
  hasToken: true
}
[WebSocket] Using token from auth_token cookie
[WebSocket] JWT verification failed: jwt malformed
[WebSocket] Connection attempt: {
  url: '/global?token=eyJpdiI6ImJZUGMxQURZTm5UM0ZLN1llOWdDK2c9PSIsInZhbHVlIjoiOGsvYjhEdWFJcmRSc0xyblN6eHc3VDRPbWU1TzBtZHJCSVRvSnVTd3lWTzJhTVZaWnMzQmRHWXFlTzZhTjg4WUNlUUJvbmF6NFA5TUxtQWFjdTl3TzZmZTF1VVJpRktTdHZyVk91R3MwdldQcGl0YkgrWE1JSi9UOHBtaUdiQ2QiLCJtYWMiOiIwNTU5MTY1MjEzNTZiNWY4MzM5NmFhMjQyMmUwODQzNTllNGE3OGQ0NmUzYzgyY2M5ZDQ5M2M4ZTQyNWI5NjhkIiwidGFnIjoiIn0%253D',
  origin: 'http://localhost:3000',
  secure: false,
  hasToken: true
}
[WebSocket] Using token from query parameter
[WebSocket] JWT verification failed: jwt malformed
[WebSocket] Connection attempt: {
  url: '/global?token=eyJpdiI6ImJZUGMxQURZTm5UM0ZLN1llOWdDK2c9PSIsInZhbHVlIjoiOGsvYjhEdWFJcmRSc0xyblN6eHc3VDRPbWU1TzBtZHJCSVRvSnVTd3lWTzJhTVZaWnMzQmRHWXFlTzZhTjg4WUNlUUJvbmF6NFA5TUxtQWFjdTl3TzZmZTF1VVJpRktTdHZyVk91R3MwdldQcGl0YkgrWE1JSi9UOHBtaUdiQ2QiLCJtYWMiOiIwNTU5MTY1MjEzNTZiNWY4MzM5NmFhMjQyMmUwODQzNTllNGE3OGQ0NmUzYzgyY2M5ZDQ5M2M4ZTQyNWI5NjhkIiwidGFnIjoiIn0%253D',
  origin: 'http://localhost:3000',
  secure: false,
  hasToken: true
}
[WebSocket] Using token from query parameter
[WebSocket] JWT verification failed: jwt malformed
[WebSocket] Connection attempt: {
  url: '/global?token=eyJpdiI6ImJZUGMxQURZTm5UM0ZLN1llOWdDK2c9PSIsInZhbHVlIjoiOGsvYjhEdWFJcmRSc0xyblN6eHc3VDRPbWU1TzBtZHJCSVRvSnVTd3lWTzJhTVZaWnMzQmRHWXFlTzZhTjg4WUNlUUJvbmF6NFA5TUxtQWFjdTl3TzZmZTF1VVJpRktTdHZyVk91R3MwdldQcGl0YkgrWE1JSi9UOHBtaUdiQ2QiLCJtYWMiOiIwNTU5MTY1MjEzNTZiNWY4MzM5NmFhMjQyMmUwODQzNTllNGE3OGQ0NmUzYzgyY2M5ZDQ5M2M4ZTQyNWI5NjhkIiwidGFnIjoiIn0%253D',
  origin: 'http://localhost:3000',
  secure: false,
  hasToken: true
}
[WebSocket] Using token from query parameter
[WebSocket] JWT verification failed: jwt malformed
[WebSocket] Connection attempt: {
  url: '/global?token=eyJpdiI6ImJZUGMxQURZTm5UM0ZLN1llOWdDK2c9PSIsInZhbHVlIjoiOGsvYjhEdWFJcmRSc0xyblN6eHc3VDRPbWU1TzBtZHJCSVRvSnVTd3lWTzJhTVZaWnMzQmRHWXFlTzZhTjg4WUNlUUJvbmF6NFA5TUxtQWFjdTl3TzZmZTF1VVJpRktTdHZyVk91R3MwdldQcGl0YkgrWE1JSi9UOHBtaUdiQ2QiLCJtYWMiOiIwNTU5MTY1MjEzNTZiNWY4MzM5NmFhMjQyMmUwODQzNTllNGE3OGQ0NmUzYzgyY2M5ZDQ5M2M4ZTQyNWI5NjhkIiwidGFnIjoiIn0%253D',
  origin: 'http://localhost:3000',
  secure: false,
  hasToken: true
}
[WebSocket] Using token from query parameter
[WebSocket] JWT verification failed: jwt malformed
[WebSocket] Connection attempt: {
  url: '/global?token=eyJpdiI6ImJZUGMxQURZTm5UM0ZLN1llOWdDK2c9PSIsInZhbHVlIjoiOGsvYjhEdWFJcmRSc0xyblN6eHc3VDRPbWU1TzBtZHJCSVRvSnVTd3lWTzJhTVZaWnMzQmRHWXFlTzZhTjg4WUNlUUJvbmF6NFA5TUxtQWFjdTl3TzZmZTF1VVJpRktTdHZyVk91R3MwdldQcGl0YkgrWE1JSi9UOHBtaUdiQ2QiLCJtYWMiOiIwNTU5MTY1MjEzNTZiNWY4MzM5NmFhMjQyMmUwODQzNTllNGE3OGQ0NmUzYzgyY2M5ZDQ5M2M4ZTQyNWI5NjhkIiwidGFnIjoiIn0%253D',
  origin: 'http://localhost:3000',
  secure: false,
  hasToken: true
}
[WebSocket] Using token from query parameter
[WebSocket] JWT verification failed: jwt malformed
[WebSocket] Connection attempt: {
  url: '/global?token=eyJpdiI6ImJZUGMxQURZTm5UM0ZLN1llOWdDK2c9PSIsInZhbHVlIjoiOGsvYjhEdWFJcmRSc0xyblN6eHc3VDRPbWU1TzBtZHJCSVRvSnVTd3lWTzJhTVZaWnMzQmRHWXFlTzZhTjg4WUNlUUJvbmF6NFA5TUxtQWFjdTl3TzZmZTF1VVJpRktTdHZyVk91R3MwdldQcGl0YkgrWE1JSi9UOHBtaUdiQ2QiLCJtYWMiOiIwNTU5MTY1MjEzNTZiNWY4MzM5NmFhMjQyMmUwODQzNTllNGE3OGQ0NmUzYzgyY2M5ZDQ5M2M4ZTQyNWI5NjhkIiwidGFnIjoiIn0%253D',
  origin: 'http://localhost:3000',
  secure: false,
  hasToken: true
}
[WebSocket] Using token from query parameter
[WebSocket] JWT verification failed: jwt malformed
[WebSocket] Connection attempt: {
  url: '/global?token=eyJpdiI6ImJZUGMxQURZTm5UM0ZLN1llOWdDK2c9PSIsInZhbHVlIjoiOGsvYjhEdWFJcmRSc0xyblN6eHc3VDRPbWU1TzBtZHJCSVRvSnVTd3lWTzJhTVZaWnMzQmRHWXFlTzZhTjg4WUNlUUJvbmF6NFA5TUxtQWFjdTl3TzZmZTF1VVJpRktTdHZyVk91R3MwdldQcGl0YkgrWE1JSi9UOHBtaUdiQ2QiLCJtYWMiOiIwNTU5MTY1MjEzNTZiNWY4MzM5NmFhMjQyMmUwODQzNTllNGE3OGQ0NmUzYzgyY2M5ZDQ5M2M4ZTQyNWI5NjhkIiwidGFnIjoiIn0%253D',
  origin: 'http://localhost:3000',
  secure: false,
  hasToken: true
}
[WebSocket] Using token from query parameter
[WebSocket] JWT verification failed: jwt malformed
[WebSocket] Connection attempt: {
  url: '/global?token=eyJpdiI6ImJZUGMxQURZTm5UM0ZLN1llOWdDK2c9PSIsInZhbHVlIjoiOGsvYjhEdWFJcmRSc0xyblN6eHc3VDRPbWU1TzBtZHJCSVRvSnVTd3lWTzJhTVZaWnMzQmRHWXFlTzZhTjg4WUNlUUJvbmF6NFA5TUxtQWFjdTl3TzZmZTF1VVJpRktTdHZyVk91R3MwdldQcGl0YkgrWE1JSi9UOHBtaUdiQ2QiLCJtYWMiOiIwNTU5MTY1MjEzNTZiNWY4MzM5NmFhMjQyMmUwODQzNTllNGE3OGQ0NmUzYzgyY2M5ZDQ5M2M4ZTQyNWI5NjhkIiwidGFnIjoiIn0%253D',
  origin: 'http://localhost:3000',
  secure: false,
  hasToken: true
}
[WebSocket] Using token from query parameter
[WebSocket] JWT verification failed: jwt malformed
[WebSocket] Connection attempt: {
  url: '/global?token=eyJpdiI6ImJZUGMxQURZTm5UM0ZLN1llOWdDK2c9PSIsInZhbHVlIjoiOGsvYjhEdWFJcmRSc0xyblN6eHc3VDRPbWU1TzBtZHJCSVRvSnVTd3lWTzJhTVZaWnMzQmRHWXFlTzZhTjg4WUNlUUJvbmF6NFA5TUxtQWFjdTl3TzZmZTF1VVJpRktTdHZyVk91R3MwdldQcGl0YkgrWE1JSi9UOHBtaUdiQ2QiLCJtYWMiOiIwNTU5MTY1MjEzNTZiNWY4MzM5NmFhMjQyMmUwODQzNTllNGE3OGQ0NmUzYzgyY2M5ZDQ5M2M4ZTQyNWI5NjhkIiwidGFnIjoiIn0%253D',
  origin: 'http://localhost:3000',
  secure: false,
  hasToken: true
}
[WebSocket] Using token from query parameter
[WebSocket] JWT verification failed: jwt malformed
[WebSocket] Connection attempt: {
  url: '/global?token=eyJpdiI6ImJZUGMxQURZTm5UM0ZLN1llOWdDK2c9PSIsInZhbHVlIjoiOGsvYjhEdWFJcmRSc0xyblN6eHc3VDRPbWU1TzBtZHJCSVRvSnVTd3lWTzJhTVZaWnMzQmRHWXFlTzZhTjg4WUNlUUJvbmF6NFA5TUxtQWFjdTl3TzZmZTF1VVJpRktTdHZyVk91R3MwdldQcGl0YkgrWE1JSi9UOHBtaUdiQ2QiLCJtYWMiOiIwNTU5MTY1MjEzNTZiNWY4MzM5NmFhMjQyMmUwODQzNTllNGE3OGQ0NmUzYzgyY2M5ZDQ5M2M4ZTQyNWI5NjhkIiwidGFnIjoiIn0%253D',
  origin: 'http://localhost:3000',
  secure: false,
  hasToken: true
}
[WebSocket] Using token from query parameter
[WebSocket] JWT verification failed: jwt malformed
[WebSocket] Connection attempt: {
  url: '/global?token=eyJpdiI6ImJZUGMxQURZTm5UM0ZLN1llOWdDK2c9PSIsInZhbHVlIjoiOGsvYjhEdWFJcmRSc0xyblN6eHc3VDRPbWU1TzBtZHJCSVRvSnVTd3lWTzJhTVZaWnMzQmRHWXFlTzZhTjg4WUNlUUJvbmF6NFA5TUxtQWFjdTl3TzZmZTF1VVJpRktTdHZyVk91R3MwdldQcGl0YkgrWE1JSi9UOHBtaUdiQ2QiLCJtYWMiOiIwNTU5MTY1MjEzNTZiNWY4MzM5NmFhMjQyMmUwODQzNTllNGE3OGQ0NmUzYzgyY2M5ZDQ5M2M4ZTQyNWI5NjhkIiwidGFnIjoiIn0%253D',
  origin: 'http://localhost:3000',
  secure: false,
  hasToken: true
}
[WebSocket] Using token from query parameter
[WebSocket] JWT verification failed: jwt malformed
[WebSocket] Connection attempt: {
  url: '/app/local?protocol=7&client=js&version=8.4.0&flash=false',
  origin: 'http://localhost:3000',
  secure: false,
  hasToken: true
}
[WebSocket] Using token from auth_token cookie
[WebSocket] JWT verification failed: jwt malformed
[WebSocket] Connection attempt: {
  url: '/global?token=eyJpdiI6ImJZUGMxQURZTm5UM0ZLN1llOWdDK2c9PSIsInZhbHVlIjoiOGsvYjhEdWFJcmRSc0xyblN6eHc3VDRPbWU1TzBtZHJCSVRvSnVTd3lWTzJhTVZaWnMzQmRHWXFlTzZhTjg4WUNlUUJvbmF6NFA5TUxtQWFjdTl3TzZmZTF1VVJpRktTdHZyVk91R3MwdldQcGl0YkgrWE1JSi9UOHBtaUdiQ2QiLCJtYWMiOiIwNTU5MTY1MjEzNTZiNWY4MzM5NmFhMjQyMmUwODQzNTllNGE3OGQ0NmUzYzgyY2M5ZDQ5M2M4ZTQyNWI5NjhkIiwidGFnIjoiIn0%253D',
  origin: 'http://localhost:3000',
  secure: false,
  hasToken: true
}
[WebSocket] Using token from query parameter
[WebSocket] JWT verification failed: jwt malformed
[WebSocket] Connection attempt: {
  url: '/global?token=eyJpdiI6ImJZUGMxQURZTm5UM0ZLN1llOWdDK2c9PSIsInZhbHVlIjoiOGsvYjhEdWFJcmRSc0xyblN6eHc3VDRPbWU1TzBtZHJCSVRvSnVTd3lWTzJhTVZaWnMzQmRHWXFlTzZhTjg4WUNlUUJvbmF6NFA5TUxtQWFjdTl3TzZmZTF1VVJpRktTdHZyVk91R3MwdldQcGl0YkgrWE1JSi9UOHBtaUdiQ2QiLCJtYWMiOiIwNTU5MTY1MjEzNTZiNWY4MzM5NmFhMjQyMmUwODQzNTllNGE3OGQ0NmUzYzgyY2M5ZDQ5M2M4ZTQyNWI5NjhkIiwidGFnIjoiIn0%253D',
  origin: 'http://localhost:3000',
  secure: false,
  hasToken: true
}
[WebSocket] Using token from query parameter
[WebSocket] JWT verification failed: jwt malformed
[WebSocket] Connection attempt: {
  url: '/app/local?protocol=7&client=js&version=8.4.0&flash=false',
  origin: 'http://localhost:3000',
  secure: false,
  hasToken: true
}
[WebSocket] Using token from auth_token cookie
[WebSocket] JWT verification failed: jwt malformed
[WebSocket] Connection attempt: {
  url: '/global?token=eyJpdiI6ImJZUGMxQURZTm5UM0ZLN1llOWdDK2c9PSIsInZhbHVlIjoiOGsvYjhEdWFJcmRSc0xyblN6eHc3VDRPbWU1TzBtZHJCSVRvSnVTd3lWTzJhTVZaWnMzQmRHWXFlTzZhTjg4WUNlUUJvbmF6NFA5TUxtQWFjdTl3TzZmZTF1VVJpRktTdHZyVk91R3MwdldQcGl0YkgrWE1JSi9UOHBtaUdiQ2QiLCJtYWMiOiIwNTU5MTY1MjEzNTZiNWY4MzM5NmFhMjQyMmUwODQzNTllNGE3OGQ0NmUzYzgyY2M5ZDQ5M2M4ZTQyNWI5NjhkIiwidGFnIjoiIn0%253D',
  origin: 'http://localhost:3000',
  secure: false,
  hasToken: true
}
[WebSocket] Using token from query parameter
[WebSocket] JWT verification failed: jwt malformed
[WebSocket] Connection attempt: {
  url: '/app/local?protocol=7&client=js&version=8.4.0&flash=false',
  origin: 'http://localhost:3000',
  secure: false,
  hasToken: true
}
[WebSocket] Using token from auth_token cookie
[WebSocket] JWT verification failed: jwt malformed
[WebSocket] Connection attempt: {
  url: '/global?token=eyJpdiI6ImJZUGMxQURZTm5UM0ZLN1llOWdDK2c9PSIsInZhbHVlIjoiOGsvYjhEdWFJcmRSc0xyblN6eHc3VDRPbWU1TzBtZHJCSVRvSnVTd3lWTzJhTVZaWnMzQmRHWXFlTzZhTjg4WUNlUUJvbmF6NFA5TUxtQWFjdTl3TzZmZTF1VVJpRktTdHZyVk91R3MwdldQcGl0YkgrWE1JSi9UOHBtaUdiQ2QiLCJtYWMiOiIwNTU5MTY1MjEzNTZiNWY4MzM5NmFhMjQyMmUwODQzNTllNGE3OGQ0NmUzYzgyY2M5ZDQ5M2M4ZTQyNWI5NjhkIiwidGFnIjoiIn0%253D',
  origin: 'http://localhost:3000',
  secure: false,
  hasToken: true
}
[WebSocket] Using token from query parameter
[WebSocket] JWT verification failed: jwt malformed
